app/build/outputs/logs/manifest-merger-debug-report.txt
-- Merging decision tree log ---
manifest
ADDED from src/main/AndroidManifest.xml:2:1-129:12
INJECTED from src/main/AndroidManifest.xml:2:1-129:12
INJECTED from src/main/AndroidManifest.xml:2:1-129:12
INJECTED from src/main/AndroidManifest.xml:2:1-129:12
MERGED from [com.android.support:design:26.1.0] AndroidManifest.xml:17:1-31:12
MERGED from [com.android.support:appcompat-v7:26.1.0] AndroidManifest.xml:17:1-31:12
MERGED from [com.android.support.constraint:constraint-layout:1.0.2] AndroidManifest.xml:2:1-11:12
MERGED from [com.android.support:animated-vector-drawable:26.1.0] AndroidManifest.xml:17:1-28:12
MERGED from [com.android.support:support-vector-drawable:26.1.0] AndroidManifest.xml:17:1-28:12
MERGED from [com.android.support:recyclerview-v7:26.1.0] AndroidManifest.xml:17:1-28:12
MERGED from [com.android.support:transition:26.1.0] AndroidManifest.xml:17:1-28:12
MERGED from [com.android.support:support-v4:26.1.0] AndroidManifest.xml:17:1-31:12
MERGED from [com.android.support:support-media-compat:26.1.0] AndroidManifest.xml:17:1-31:12
MERGED from [com.android.support:support-fragment:26.1.0] AndroidManifest.xml:17:1-31:12
MERGED from [com.android.support:support-core-utils:26.1.0] AndroidManifest.xml:17:1-31:12
MERGED from [com.android.support:support-core-ui:26.1.0] AndroidManifest.xml:17:1-31:12
MERGED from [com.android.support:support-compat:26.1.0] AndroidManifest.xml:17:1-31:12
MERGED from [android.arch.lifecycle:runtime:1.0.0] AndroidManifest.xml:17:1-30:12
INJECTED from src/main/AndroidManifest.xml:2:1-129:12
INJECTED from src/main/AndroidManifest.xml:2:1-129:12
INJECTED from src/main/AndroidManifest.xml:2:1-129:12
	package
		ADDED from src/main/AndroidManifest.xml:3:5-49
		INJECTED from src/main/AndroidManifest.xml
		INJECTED from src/main/AndroidManifest.xml
	android:versionName
		INJECTED from src/main/AndroidManifest.xml
		ADDED from src/main/AndroidManifest.xml:2:1-129:12
		INJECTED from src/main/AndroidManifest.xml
	android:versionCode
		INJECTED from src/main/AndroidManifest.xml
		ADDED from src/main/AndroidManifest.xml:2:1-129:12
		INJECTED from src/main/AndroidManifest.xml
	xmlns:android
		ADDED from src/main/AndroidManifest.xml:2:11-69
application
ADDED from src/main/AndroidManifest.xml:5:5-127:19
MERGED from [com.android.support:design:26.1.0] AndroidManifest.xml:25:5-29:19
MERGED from [com.android.support:design:26.1.0] AndroidManifest.xml:25:5-29:19
MERGED from [com.android.support:appcompat-v7:26.1.0] AndroidManifest.xml:25:5-29:19
MERGED from [com.android.support:appcompat-v7:26.1.0] AndroidManifest.xml:25:5-29:19
MERGED from [com.android.support.constraint:constraint-layout:1.0.2] AndroidManifest.xml:9:5-20
MERGED from [com.android.support.constraint:constraint-layout:1.0.2] AndroidManifest.xml:9:5-20
MERGED from [com.android.support:animated-vector-drawable:26.1.0] AndroidManifest.xml:22:5-26:19
MERGED from [com.android.support:animated-vector-drawable:26.1.0] AndroidManifest.xml:22:5-26:19
MERGED from [com.android.support:support-vector-drawable:26.1.0] AndroidManifest.xml:22:5-26:19
MERGED from [com.android.support:support-vector-drawable:26.1.0] AndroidManifest.xml:22:5-26:19
MERGED from [com.android.support:recyclerview-v7:26.1.0] AndroidManifest.xml:22:5-26:19
MERGED from [com.android.support:recyclerview-v7:26.1.0] AndroidManifest.xml:22:5-26:19
MERGED from [com.android.support:transition:26.1.0] AndroidManifest.xml:22:5-26:19
MERGED from [com.android.support:transition:26.1.0] AndroidManifest.xml:22:5-26:19
MERGED from [com.android.support:support-v4:26.1.0] AndroidManifest.xml:25:5-29:19
MERGED from [com.android.support:support-v4:26.1.0] AndroidManifest.xml:25:5-29:19
MERGED from [com.android.support:support-media-compat:26.1.0] AndroidManifest.xml:25:5-29:19
MERGED from [com.android.support:support-media-compat:26.1.0] AndroidManifest.xml:25:5-29:19
MERGED from [com.android.support:support-fragment:26.1.0] AndroidManifest.xml:25:5-29:19
MERGED from [com.android.support:support-fragment:26.1.0] AndroidManifest.xml:25:5-29:19
MERGED from [com.android.support:support-core-utils:26.1.0] AndroidManifest.xml:25:5-29:19
MERGED from [com.android.support:support-core-utils:26.1.0] AndroidManifest.xml:25:5-29:19
MERGED from [com.android.support:support-core-ui:26.1.0] AndroidManifest.xml:25:5-29:19
MERGED from [com.android.support:support-core-ui:26.1.0] AndroidManifest.xml:25:5-29:19
MERGED from [com.android.support:support-compat:26.1.0] AndroidManifest.xml:25:5-29:19
MERGED from [com.android.support:support-compat:26.1.0] AndroidManifest.xml:25:5-29:19
MERGED from [android.arch.lifecycle:runtime:1.0.0] AndroidManifest.xml:24:5-28:19
MERGED from [android.arch.lifecycle:runtime:1.0.0] AndroidManifest.xml:24:5-28:19
	android:supportsRtl
		ADDED from src/main/AndroidManifest.xml:10:9-35
	android:label
		ADDED from src/main/AndroidManifest.xml:8:9-41
	android:roundIcon
		ADDED from src/main/AndroidManifest.xml:9:9-54
	android:icon
		ADDED from src/main/AndroidManifest.xml:7:9-38
	android:allowBackup
		ADDED from src/main/AndroidManifest.xml:6:9-35
	android:theme
		ADDED from src/main/AndroidManifest.xml:11:9-40
activity#com.example.balmermwongera.maxifit.MainActivity
ADDED from src/main/AndroidManifest.xml:12:9-14:52
	android:screenOrientation
		ADDED from src/main/AndroidManifest.xml:14:13-49
	android:name
		ADDED from src/main/AndroidManifest.xml:13:13-41
activity#appresources.cardio
ADDED from src/main/AndroidManifest.xml:15:9-56
	android:name
		ADDED from src/main/AndroidManifest.xml:15:19-53
activity#bodyExercise.upperbody
ADDED from src/main/AndroidManifest.xml:16:9-20:20
	android:name
		ADDED from src/main/AndroidManifest.xml:16:19-56
intent-filter#android.intent.action.MAIN
ADDED from src/main/AndroidManifest.xml:17:13-19:29
action#android.intent.action.MAIN
ADDED from src/main/AndroidManifest.xml:18:17-69
	android:name
		ADDED from src/main/AndroidManifest.xml:18:25-66
activity#bodyExercise.midbody
ADDED from src/main/AndroidManifest.xml:21:9-57
	android:name
		ADDED from src/main/AndroidManifest.xml:21:19-54
activity#bodyExercise.lowerbody
ADDED from src/main/AndroidManifest.xml:22:9-59
	android:name
		ADDED from src/main/AndroidManifest.xml:22:19-56
activity#appresources.exercise
ADDED from src/main/AndroidManifest.xml:23:9-58
	android:name
		ADDED from src/main/AndroidManifest.xml:23:19-55
activity#women.upper2body
ADDED from src/main/AndroidManifest.xml:24:9-53
	android:name
		ADDED from src/main/AndroidManifest.xml:24:19-50
activity#women.mid2body
ADDED from src/main/AndroidManifest.xml:25:9-51
	android:name
		ADDED from src/main/AndroidManifest.xml:25:19-48
activity#women.lower2body
ADDED from src/main/AndroidManifest.xml:26:9-53
	android:name
		ADDED from src/main/AndroidManifest.xml:26:19-50
activity#upperbody.neck
ADDED from src/main/AndroidManifest.xml:27:9-51
	android:name
		ADDED from src/main/AndroidManifest.xml:27:19-48
activity#upperbody.shoulder
ADDED from src/main/AndroidManifest.xml:28:9-55
	android:name
		ADDED from src/main/AndroidManifest.xml:28:19-52
activity#upperbody.triceps
ADDED from src/main/AndroidManifest.xml:29:9-54
	android:name
		ADDED from src/main/AndroidManifest.xml:29:19-51
activity#upperbody.biceps
ADDED from src/main/AndroidManifest.xml:30:9-53
	android:name
		ADDED from src/main/AndroidManifest.xml:30:19-50
activity#upperbody.chest
ADDED from src/main/AndroidManifest.xml:31:9-52
	android:name
		ADDED from src/main/AndroidManifest.xml:31:19-49
activity#upperbody.traps
ADDED from src/main/AndroidManifest.xml:32:9-52
	android:name
		ADDED from src/main/AndroidManifest.xml:32:19-49
activity#upperbody.forearmAndWrists
ADDED from src/main/AndroidManifest.xml:33:9-63
	android:name
		ADDED from src/main/AndroidManifest.xml:33:19-60
activity#com.example.balmermwongera.maxifit.CustomListAdapterNeck
ADDED from src/main/AndroidManifest.xml:34:9-59
	android:name
		ADDED from src/main/AndroidManifest.xml:34:19-56
activity#neck.neckFront
ADDED from src/main/AndroidManifest.xml:35:9-51
	android:name
		ADDED from src/main/AndroidManifest.xml:35:19-48
activity#neck.neckBack
ADDED from src/main/AndroidManifest.xml:36:9-50
	android:name
		ADDED from src/main/AndroidManifest.xml:36:19-47
activity#neck.neckSeated
ADDED from src/main/AndroidManifest.xml:37:9-52
	android:name
		ADDED from src/main/AndroidManifest.xml:37:19-49
activity#neck.neckUp
ADDED from src/main/AndroidManifest.xml:38:9-48
	android:name
		ADDED from src/main/AndroidManifest.xml:38:19-45
activity#neck.neckDown
ADDED from src/main/AndroidManifest.xml:39:9-50
	android:name
		ADDED from src/main/AndroidManifest.xml:39:19-47
activity#midbody.abs
ADDED from src/main/AndroidManifest.xml:40:9-48
	android:name
		ADDED from src/main/AndroidManifest.xml:40:19-45
activity#midbody.lats
ADDED from src/main/AndroidManifest.xml:41:9-49
	android:name
		ADDED from src/main/AndroidManifest.xml:41:19-46
activity#midbody.backExtensors
ADDED from src/main/AndroidManifest.xml:42:9-58
	android:name
		ADDED from src/main/AndroidManifest.xml:42:19-55
activity#midbody.glutes
ADDED from src/main/AndroidManifest.xml:43:9-51
	android:name
		ADDED from src/main/AndroidManifest.xml:43:19-48
activity#abdomen.reverseCrunches
ADDED from src/main/AndroidManifest.xml:44:9-60
	android:name
		ADDED from src/main/AndroidManifest.xml:44:19-57
activity#shoulder.dumbellPress
ADDED from src/main/AndroidManifest.xml:45:9-58
	android:name
		ADDED from src/main/AndroidManifest.xml:45:19-55
activity#shoulder.lateralRaise
ADDED from src/main/AndroidManifest.xml:46:9-58
	android:name
		ADDED from src/main/AndroidManifest.xml:46:19-55
activity#shoulder.reverveFly
ADDED from src/main/AndroidManifest.xml:47:9-56
	android:name
		ADDED from src/main/AndroidManifest.xml:47:19-53
activity#shoulder.lyingLateral
ADDED from src/main/AndroidManifest.xml:48:9-58
	android:name
		ADDED from src/main/AndroidManifest.xml:48:19-55
activity#shoulder.frontRaise
ADDED from src/main/AndroidManifest.xml:49:9-56
	android:name
		ADDED from src/main/AndroidManifest.xml:49:19-53
activity#biceps.dumbellPress
ADDED from src/main/AndroidManifest.xml:50:9-56
	android:name
		ADDED from src/main/AndroidManifest.xml:50:19-53
activity#biceps.dumbellCurls
ADDED from src/main/AndroidManifest.xml:51:9-56
	android:name
		ADDED from src/main/AndroidManifest.xml:51:19-53
activity#biceps.hammerCurls
ADDED from src/main/AndroidManifest.xml:52:9-55
	android:name
		ADDED from src/main/AndroidManifest.xml:52:19-52
activity#biceps.concerntrationCurls
ADDED from src/main/AndroidManifest.xml:53:9-63
	android:name
		ADDED from src/main/AndroidManifest.xml:53:19-60
activity#biceps.preacherCurls
ADDED from src/main/AndroidManifest.xml:54:9-57
	android:name
		ADDED from src/main/AndroidManifest.xml:54:19-54
activity#chest.benchPress
ADDED from src/main/AndroidManifest.xml:55:9-53
	android:name
		ADDED from src/main/AndroidManifest.xml:55:19-50
activity#chest.dumbbellPress
ADDED from src/main/AndroidManifest.xml:56:9-56
	android:name
		ADDED from src/main/AndroidManifest.xml:56:19-53
activity#chest.parallelBars
ADDED from src/main/AndroidManifest.xml:57:9-55
	android:name
		ADDED from src/main/AndroidManifest.xml:57:19-52
activity#chest.butterflyPress
ADDED from src/main/AndroidManifest.xml:58:9-57
	android:name
		ADDED from src/main/AndroidManifest.xml:58:19-54
activity#chest.inclineBench
ADDED from src/main/AndroidManifest.xml:59:9-55
	android:name
		ADDED from src/main/AndroidManifest.xml:59:19-52
activity#forearmAndWrists.upBarbelWrist
ADDED from src/main/AndroidManifest.xml:60:9-67
	android:name
		ADDED from src/main/AndroidManifest.xml:60:19-64
activity#forearmAndWrists.overBench
ADDED from src/main/AndroidManifest.xml:61:9-63
	android:name
		ADDED from src/main/AndroidManifest.xml:61:19-60
activity#forearmAndWrists.pulleyWrist
ADDED from src/main/AndroidManifest.xml:62:9-65
	android:name
		ADDED from src/main/AndroidManifest.xml:62:19-62
activity#forearmAndWrists.backWrist
ADDED from src/main/AndroidManifest.xml:63:9-63
	android:name
		ADDED from src/main/AndroidManifest.xml:63:19-60
activity#forearmAndWrists.downBarbelWrist
ADDED from src/main/AndroidManifest.xml:64:9-69
	android:name
		ADDED from src/main/AndroidManifest.xml:64:19-66
activity#traps.cableRow
ADDED from src/main/AndroidManifest.xml:65:9-51
	android:name
		ADDED from src/main/AndroidManifest.xml:65:19-48
activity#traps.dumbellShrug
ADDED from src/main/AndroidManifest.xml:66:9-55
	android:name
		ADDED from src/main/AndroidManifest.xml:66:19-52
activity#traps.pullUpShrug
ADDED from src/main/AndroidManifest.xml:67:9-54
	android:name
		ADDED from src/main/AndroidManifest.xml:67:19-51
activity#traps.barbellShrug
ADDED from src/main/AndroidManifest.xml:68:9-55
	android:name
		ADDED from src/main/AndroidManifest.xml:68:19-52
activity#traps.uprightRow
ADDED from src/main/AndroidManifest.xml:69:9-53
	android:name
		ADDED from src/main/AndroidManifest.xml:69:19-50
activity#triceps.barTip
ADDED from src/main/AndroidManifest.xml:70:9-51
	android:name
		ADDED from src/main/AndroidManifest.xml:70:19-48
activity#triceps.benchDip
ADDED from src/main/AndroidManifest.xml:71:9-53
	android:name
		ADDED from src/main/AndroidManifest.xml:71:19-50
activity#triceps.pushUps
ADDED from src/main/AndroidManifest.xml:72:9-52
	android:name
		ADDED from src/main/AndroidManifest.xml:72:19-49
activity#triceps.kickBack
ADDED from src/main/AndroidManifest.xml:73:9-53
	android:name
		ADDED from src/main/AndroidManifest.xml:73:19-50
activity#triceps.ropeAttachment
ADDED from src/main/AndroidManifest.xml:74:9-59
	android:name
		ADDED from src/main/AndroidManifest.xml:74:19-56
activity#abs.reverse
ADDED from src/main/AndroidManifest.xml:75:9-48
	android:name
		ADDED from src/main/AndroidManifest.xml:75:19-45
activity#abs.legRaise
ADDED from src/main/AndroidManifest.xml:76:9-49
	android:name
		ADDED from src/main/AndroidManifest.xml:76:19-46
activity#abs.benchCruches
ADDED from src/main/AndroidManifest.xml:77:9-53
	android:name
		ADDED from src/main/AndroidManifest.xml:77:19-50
activity#abs.obliqueFLoor
ADDED from src/main/AndroidManifest.xml:78:9-53
	android:name
		ADDED from src/main/AndroidManifest.xml:78:19-50
activity#abs.twisting
ADDED from src/main/AndroidManifest.xml:79:9-49
	android:name
		ADDED from src/main/AndroidManifest.xml:79:19-46
activity#backExtensors.superman
ADDED from src/main/AndroidManifest.xml:80:9-59
	android:name
		ADDED from src/main/AndroidManifest.xml:80:19-56
activity#backExtensors.hyperextension
ADDED from src/main/AndroidManifest.xml:81:9-65
	android:name
		ADDED from src/main/AndroidManifest.xml:81:19-62
activity#backExtensors.goodmorning
ADDED from src/main/AndroidManifest.xml:82:9-62
	android:name
		ADDED from src/main/AndroidManifest.xml:82:19-59
activity#backExtensors.deadLift
ADDED from src/main/AndroidManifest.xml:83:9-59
	android:name
		ADDED from src/main/AndroidManifest.xml:83:19-56
activity#backExtensors.ballBackExtension
ADDED from src/main/AndroidManifest.xml:84:9-68
	android:name
		ADDED from src/main/AndroidManifest.xml:84:19-65
activity#glutes.dumbellLunges
ADDED from src/main/AndroidManifest.xml:85:9-57
	android:name
		ADDED from src/main/AndroidManifest.xml:85:19-54
activity#glutes.cableKickback
ADDED from src/main/AndroidManifest.xml:86:9-57
	android:name
		ADDED from src/main/AndroidManifest.xml:86:19-54
activity#glutes.gluteKickback
ADDED from src/main/AndroidManifest.xml:87:9-57
	android:name
		ADDED from src/main/AndroidManifest.xml:87:19-54
activity#glutes.legBridge
ADDED from src/main/AndroidManifest.xml:88:9-53
	android:name
		ADDED from src/main/AndroidManifest.xml:88:19-50
activity#glutes.legSquats
ADDED from src/main/AndroidManifest.xml:89:9-53
	android:name
		ADDED from src/main/AndroidManifest.xml:89:19-50
activity#lats.pullUp
ADDED from src/main/AndroidManifest.xml:90:9-48
	android:name
		ADDED from src/main/AndroidManifest.xml:90:19-45
activity#lats.dumbbellRow
ADDED from src/main/AndroidManifest.xml:91:9-53
	android:name
		ADDED from src/main/AndroidManifest.xml:91:19-50
activity#lats.barbellRow
ADDED from src/main/AndroidManifest.xml:92:9-52
	android:name
		ADDED from src/main/AndroidManifest.xml:92:19-49
activity#lats.pullDown
ADDED from src/main/AndroidManifest.xml:93:9-50
	android:name
		ADDED from src/main/AndroidManifest.xml:93:19-47
activity#lats.dumbbellPullOver
ADDED from src/main/AndroidManifest.xml:94:9-58
	android:name
		ADDED from src/main/AndroidManifest.xml:94:19-55
activity#lowerbody.quadriceps
ADDED from src/main/AndroidManifest.xml:95:9-57
	android:name
		ADDED from src/main/AndroidManifest.xml:95:19-54
activity#lowerbody.hamstrings
ADDED from src/main/AndroidManifest.xml:96:9-57
	android:name
		ADDED from src/main/AndroidManifest.xml:96:19-54
activity#lowerbody.calfMuscle
ADDED from src/main/AndroidManifest.xml:97:9-57
	android:name
		ADDED from src/main/AndroidManifest.xml:97:19-54
activity#lowerbody.burpee
ADDED from src/main/AndroidManifest.xml:98:9-53
	android:name
		ADDED from src/main/AndroidManifest.xml:98:19-50
activity#burpee.halfBurpee
ADDED from src/main/AndroidManifest.xml:99:9-54
	android:name
		ADDED from src/main/AndroidManifest.xml:99:19-51
activity#burpee.standardBurpee1
ADDED from src/main/AndroidManifest.xml:100:9-59
	android:name
		ADDED from src/main/AndroidManifest.xml:100:19-56
activity#calfMuscle.jumpRope
ADDED from src/main/AndroidManifest.xml:101:9-56
	android:name
		ADDED from src/main/AndroidManifest.xml:101:19-53
activity#calfMuscle.seatedRaise
ADDED from src/main/AndroidManifest.xml:102:9-59
	android:name
		ADDED from src/main/AndroidManifest.xml:102:19-56
activity#calfMuscle.standingRaise
ADDED from src/main/AndroidManifest.xml:103:9-61
	android:name
		ADDED from src/main/AndroidManifest.xml:103:19-58
activity#calfMuscle.rockingRaise
ADDED from src/main/AndroidManifest.xml:104:9-60
	android:name
		ADDED from src/main/AndroidManifest.xml:104:19-57
activity#calfMuscle.calfRise
ADDED from src/main/AndroidManifest.xml:105:9-56
	android:name
		ADDED from src/main/AndroidManifest.xml:105:19-53
activity#hamstrings.barbellMorning
ADDED from src/main/AndroidManifest.xml:106:9-62
	android:name
		ADDED from src/main/AndroidManifest.xml:106:19-59
activity#hamstrings.seatedCurls
ADDED from src/main/AndroidManifest.xml:107:9-59
	android:name
		ADDED from src/main/AndroidManifest.xml:107:19-56
activity#hamstrings.thighAbductor
ADDED from src/main/AndroidManifest.xml:108:9-61
	android:name
		ADDED from src/main/AndroidManifest.xml:108:19-58
activity#hamstrings.stiffDeadlift
ADDED from src/main/AndroidManifest.xml:109:9-61
	android:name
		ADDED from src/main/AndroidManifest.xml:109:19-58
activity#hamstrings.lyingCurls
ADDED from src/main/AndroidManifest.xml:110:9-58
	android:name
		ADDED from src/main/AndroidManifest.xml:110:19-55
activity#quadriceps.inclineLeg
ADDED from src/main/AndroidManifest.xml:111:9-58
	android:name
		ADDED from src/main/AndroidManifest.xml:111:19-55
activity#quadriceps.frontSquat
ADDED from src/main/AndroidManifest.xml:112:9-58
	android:name
		ADDED from src/main/AndroidManifest.xml:112:19-55
activity#quadriceps.BarbellSquat
ADDED from src/main/AndroidManifest.xml:113:9-60
	android:name
		ADDED from src/main/AndroidManifest.xml:113:19-57
activity#quadriceps.plieSquat
ADDED from src/main/AndroidManifest.xml:114:9-57
	android:name
		ADDED from src/main/AndroidManifest.xml:114:19-54
activity#quadriceps.bodyWeightSquat
ADDED from src/main/AndroidManifest.xml:115:9-63
	android:name
		ADDED from src/main/AndroidManifest.xml:115:19-60
activity#cardios.ellipticalMachine
ADDED from src/main/AndroidManifest.xml:116:9-62
	android:name
		ADDED from src/main/AndroidManifest.xml:116:19-59
activity#cardios.trendMill
ADDED from src/main/AndroidManifest.xml:117:9-54
	android:name
		ADDED from src/main/AndroidManifest.xml:117:19-51
activity#com.example.balmermwongera.maxifit.SplashActivity
ADDED from src/main/AndroidManifest.xml:118:9-126:20
	android:screenOrientation
		ADDED from src/main/AndroidManifest.xml:120:13-49
	android:name
		ADDED from src/main/AndroidManifest.xml:119:13-43
intent-filter#android.intent.action.MAIN+android.intent.category.LAUNCHER
ADDED from src/main/AndroidManifest.xml:121:13-125:29
category#android.intent.category.LAUNCHER
ADDED from src/main/AndroidManifest.xml:124:17-77
	android:name
		ADDED from src/main/AndroidManifest.xml:124:27-74
uses-sdk
INJECTED from src/main/AndroidManifest.xml reason: use-sdk injection requested
INJECTED from src/main/AndroidManifest.xml
INJECTED from src/main/AndroidManifest.xml
MERGED from [com.android.support:design:26.1.0] AndroidManifest.xml:21:5-23:62
MERGED from [com.android.support:design:26.1.0] AndroidManifest.xml:21:5-23:62
MERGED from [com.android.support:appcompat-v7:26.1.0] AndroidManifest.xml:21:5-23:78
MERGED from [com.android.support:appcompat-v7:26.1.0] AndroidManifest.xml:21:5-23:78
MERGED from [com.android.support.constraint:constraint-layout:1.0.2] AndroidManifest.xml:5:5-7:41
MERGED from [com.android.support.constraint:constraint-layout:1.0.2] AndroidManifest.xml:5:5-7:41
MERGED from [com.android.support:animated-vector-drawable:26.1.0] AndroidManifest.xml:20:5-44
MERGED from [com.android.support:animated-vector-drawable:26.1.0] AndroidManifest.xml:20:5-44
MERGED from [com.android.support:support-vector-drawable:26.1.0] AndroidManifest.xml:20:5-44
MERGED from [com.android.support:support-vector-drawable:26.1.0] AndroidManifest.xml:20:5-44
MERGED from [com.android.support:recyclerview-v7:26.1.0] AndroidManifest.xml:20:5-44
MERGED from [com.android.support:recyclerview-v7:26.1.0] AndroidManifest.xml:20:5-44
MERGED from [com.android.support:transition:26.1.0] AndroidManifest.xml:20:5-44
MERGED from [com.android.support:transition:26.1.0] AndroidManifest.xml:20:5-44
MERGED from [com.android.support:support-v4:26.1.0] AndroidManifest.xml:21:5-23:54
MERGED from [com.android.support:support-v4:26.1.0] AndroidManifest.xml:21:5-23:54
MERGED from [com.android.support:support-media-compat:26.1.0] AndroidManifest.xml:21:5-23:63
MERGED from [com.android.support:support-media-compat:26.1.0] AndroidManifest.xml:21:5-23:63
MERGED from [com.android.support:support-fragment:26.1.0] AndroidManifest.xml:21:5-23:60
MERGED from [com.android.support:support-fragment:26.1.0] AndroidManifest.xml:21:5-23:60
MERGED from [com.android.support:support-core-utils:26.1.0] AndroidManifest.xml:21:5-23:61
MERGED from [com.android.support:support-core-utils:26.1.0] AndroidManifest.xml:21:5-23:61
MERGED from [com.android.support:support-core-ui:26.1.0] AndroidManifest.xml:21:5-23:58
MERGED from [com.android.support:support-core-ui:26.1.0] AndroidManifest.xml:21:5-23:58
MERGED from [com.android.support:support-compat:26.1.0] AndroidManifest.xml:21:5-23:58
MERGED from [com.android.support:support-compat:26.1.0] AndroidManifest.xml:21:5-23:58
MERGED from [android.arch.lifecycle:runtime:1.0.0] AndroidManifest.xml:20:5-22:41
MERGED from [android.arch.lifecycle:runtime:1.0.0] AndroidManifest.xml:20:5-22:41
INJECTED from src/main/AndroidManifest.xml
INJECTED from src/main/AndroidManifest.xml
	tools:overrideLibrary
		ADDED from [com.android.support:design:26.1.0] AndroidManifest.xml:23:9-59
	android:targetSdkVersion
		INJECTED from src/main/AndroidManifest.xml
		ADDED from src/main/AndroidManifest.xml
		INJECTED from src/main/AndroidManifest.xml
	android:minSdkVersion
		INJECTED from src/main/AndroidManifest.xml
		ADDED from src/main/AndroidManifest.xml
		INJECTED from src/main/AndroidManifest.xml
meta-data#android.support.VERSION
ADDED from [com.android.support:design:26.1.0] AndroidManifest.xml:26:9-28:38
MERGED from [com.android.support:appcompat-v7:26.1.0] AndroidManifest.xml:26:9-28:38
MERGED from [com.android.support:appcompat-v7:26.1.0] AndroidManifest.xml:26:9-28:38
MERGED from [com.android.support:animated-vector-drawable:26.1.0] AndroidManifest.xml:23:9-25:38
MERGED from [com.android.support:animated-vector-drawable:26.1.0] AndroidManifest.xml:23:9-25:38
MERGED from [com.android.support:support-vector-drawable:26.1.0] AndroidManifest.xml:23:9-25:38
MERGED from [com.android.support:support-vector-drawable:26.1.0] AndroidManifest.xml:23:9-25:38
MERGED from [com.android.support:recyclerview-v7:26.1.0] AndroidManifest.xml:23:9-25:38
MERGED from [com.android.support:recyclerview-v7:26.1.0] AndroidManifest.xml:23:9-25:38
MERGED from [com.android.support:transition:26.1.0] AndroidManifest.xml:23:9-25:38
MERGED from [com.android.support:transition:26.1.0] AndroidManifest.xml:23:9-25:38
MERGED from [com.android.support:support-v4:26.1.0] AndroidManifest.xml:26:9-28:38
MERGED from [com.android.support:support-v4:26.1.0] AndroidManifest.xml:26:9-28:38
MERGED from [com.android.support:support-media-compat:26.1.0] AndroidManifest.xml:26:9-28:38
MERGED from [com.android.support:support-media-compat:26.1.0] AndroidManifest.xml:26:9-28:38
MERGED from [com.android.support:support-fragment:26.1.0] AndroidManifest.xml:26:9-28:38
MERGED from [com.android.support:support-fragment:26.1.0] AndroidManifest.xml:26:9-28:38
MERGED from [com.android.support:support-core-utils:26.1.0] AndroidManifest.xml:26:9-28:38
MERGED from [com.android.support:support-core-utils:26.1.0] AndroidManifest.xml:26:9-28:38
MERGED from [com.android.support:support-core-ui:26.1.0] AndroidManifest.xml:26:9-28:38
MERGED from [com.android.support:support-core-ui:26.1.0] AndroidManifest.xml:26:9-28:38
MERGED from [com.android.support:support-compat:26.1.0] AndroidManifest.xml:26:9-28:38
MERGED from [com.android.support:support-compat:26.1.0] AndroidManifest.xml:26:9-28:38
	android:value
		ADDED from [com.android.support:design:26.1.0] AndroidManifest.xml:28:13-35
	android:name
		ADDED from [com.android.support:design:26.1.0] AndroidManifest.xml:27:13-51
meta-data#android.arch.lifecycle.VERSION
ADDED from [android.arch.lifecycle:runtime:1.0.0] AndroidManifest.xml:25:9-27:47
	android:value
		ADDED from [android.arch.lifecycle:runtime:1.0.0] AndroidManifest.xml:27:13-44
	android:name
		ADDED from [android.arch.lifecycle:runtime:1.0.0] AndroidManifest.xml:26:13-58